生成启动时间为 2015/10/28 21:00:17。
     1>项目“E:\junior autumn\database\experiment\数据库\数据库第二次实验_夏辉华_PB10000312\数据库第二次实验_夏辉华_PB10000312\db_lab2\db_lab2\db_lab2.vcxproj”在节点 2 上(build 个目标)。
     1>InitializeBuildStatus:
         正在创建“Debug\db_lab2.unsuccessfulbuild”，因为已指定“AlwaysCreate”。
       ClCompile:
         所有输出均为最新。
         C:\Program Files (x86)\Microsoft Visual Studio 10.0\VC\bin\CL.exe /c /ZI /nologo /W3 /WX- /Od /Oy- /D WIN32 /D _WINDOWS /D _DEBUG /D _UNICODE /D UNICODE /D _AFXDLL /Gm /EHsc /RTC1 /MDd /GS /fp:precise /Zc:wchar_t /Zc:forScope /Yu"StdAfx.h" /Fp"Debug\db_lab2.pch" /Fo"Debug\\" /Fd"Debug\vc100.pdb" /Gd /TP /analyze- /errorReport:prompt db_lab2Dlg.cpp
         db_lab2Dlg.cpp
       ResourceCompile:
         所有输出均为最新。
       ManifestResourceCompile:
         所有输出均为最新。
       Link:
         C:\Program Files (x86)\Microsoft Visual Studio 10.0\VC\bin\link.exe /ERRORREPORT:PROMPT /OUT:"E:\junior autumn\database\experiment\数据库\数据库第二次实验_夏辉华_PB10000312\数据库第二次实验_夏辉华_PB10000312\db_lab2\db_lab2\Debug\db_lab2.exe" /INCREMENTAL /NOLOGO /MANIFEST /ManifestFile:"Debug\db_lab2.exe.intermediate.manifest" /MANIFESTUAC:"level='asInvoker' uiAccess='false'" /DEBUG /PDB:"E:\junior autumn\database\experiment\数据库\数据库第二次实验_夏辉华_PB10000312\数据库第二次实验_夏辉华_PB10000312\db_lab2\db_lab2\Debug\db_lab2.pdb" /SUBSYSTEM:WINDOWS /TLBID:1 /ENTRY:"wWinMainCRTStartup" /DYNAMICBASE /NXCOMPAT /IMPLIB:"E:\junior autumn\database\experiment\数据库\数据库第二次实验_夏辉华_PB10000312\数据库第二次实验_夏辉华_PB10000312\db_lab2\db_lab2\Debug\db_lab2.lib" /MACHINE:X86 Debug\db_lab2.res
         Debug\db_lab2.exe.embed.manifest.res
         Debug\Client.obj
         Debug\Confirm.obj
         Debug\Cpublic.obj
         Debug\db_lab2.obj
         Debug\db_lab2Dlg.obj
         Debug\Delwarn.obj
         Debug\InsertCars.obj
         Debug\InsertCustomer.obj
         Debug\InsertFlights.obj
         Debug\InsertHotels.obj
         Debug\InsertResv.obj
         Debug\Login.obj
         Debug\ResvCar.obj
         Debug\ResvFlight.obj
         Debug\ResvHotel.obj
         Debug\Route.obj
         Debug\SelectCar.obj
         Debug\SelectCustomer.obj
         Debug\SelectFlight.obj
         Debug\SelectHotel.obj
         Debug\SelectResv.obj
         Debug\Sign.obj
         Debug\stdafx.obj
         Debug\UpdateDlg.obj
       Manifest:
         C:\Program Files (x86)\Microsoft SDKs\Windows\v7.0A\bin\mt.exe /nologo /verbose /out:"Debug\db_lab2.exe.embed.manifest" /manifest Debug\db_lab2.exe.intermediate.manifest "C:\Program Files (x86)\Microsoft Visual Studio 10.0\VC\Include\Manifest\dpiaware.manifest"
         所有输出均为最新。
       LinkEmbedManifest:
         所有输出均为最新。
         db_lab2.vcxproj -> E:\junior autumn\database\experiment\数据库\数据库第二次实验_夏辉华_PB10000312\数据库第二次实验_夏辉华_PB10000312\db_lab2\db_lab2\Debug\db_lab2.exe
       FinalizeBuildStatus:
         正在删除文件“Debug\db_lab2.unsuccessfulbuild”。
         正在对“Debug\db_lab2.lastbuildstate”执行 Touch 任务。
     1>已完成生成项目“E:\junior autumn\database\experiment\数据库\数据库第二次实验_夏辉华_PB10000312\数据库第二次实验_夏辉华_PB10000312\db_lab2\db_lab2\db_lab2.vcxproj”(build 个目标)的操作。

生成成功。

已用时间 00:00:12.78
